<testsuites id="" name="" tests="28" failures="28" skipped="0" errors="0" time="33.70274699997902">
<testsuite name="tests\MercuryTest.spec.js" timestamp="1673878342514" hostname="" tests="7" failures="7" skipped="0" time="0.138" errors="0">
<testcase name="01.Home page Available" classname="[chromium] › tests\MercuryTest.spec.js › 01.Home page Available" time="0.016">
<failure message="MercuryTest.spec.js:3:5 01.Home page Available" type="FAILURE">
<![CDATA[  [chromium] › tests\MercuryTest.spec.js:3:5 › 01.Home page Available ==============================

    Error: ENOENT: no such file or directory, open 'C:\Users\chiaj\Desktop\school work\Year2\Sem 2\PFD\Assignment 2\PlaywrightTesting\PlaywrightTesting\auth.json'


]]>
</failure>
</testcase>
<testcase name="02.Transaction button Available" classname="[chromium] › tests\MercuryTest.spec.js › 02.Transaction button Available" time="0.016">
<failure message="MercuryTest.spec.js:7:5 02.Transaction button Available" type="FAILURE">
<![CDATA[  [chromium] › tests\MercuryTest.spec.js:7:5 › 02.Transaction button Available =====================

    Error: ENOENT: no such file or directory, open 'C:\Users\chiaj\Desktop\school work\Year2\Sem 2\PFD\Assignment 2\PlaywrightTesting\PlaywrightTesting\auth.json'


]]>
</failure>
</testcase>
<testcase name="03.Payment button Available" classname="[chromium] › tests\MercuryTest.spec.js › 03.Payment button Available" time="0.015">
<failure message="MercuryTest.spec.js:12:5 03.Payment button Available" type="FAILURE">
<![CDATA[  [chromium] › tests\MercuryTest.spec.js:12:5 › 03.Payment button Available ========================

    Error: ENOENT: no such file or directory, open 'C:\Users\chiaj\Desktop\school work\Year2\Sem 2\PFD\Assignment 2\PlaywrightTesting\PlaywrightTesting\auth.json'


]]>
</failure>
</testcase>
<testcase name="04.Cards button Available" classname="[chromium] › tests\MercuryTest.spec.js › 04.Cards button Available" time="0.041">
<failure message="MercuryTest.spec.js:17:5 04.Cards button Available" type="FAILURE">
<![CDATA[  [chromium] › tests\MercuryTest.spec.js:17:5 › 04.Cards button Available ==========================

    Error: ENOENT: no such file or directory, open 'C:\Users\chiaj\Desktop\school work\Year2\Sem 2\PFD\Assignment 2\PlaywrightTesting\PlaywrightTesting\auth.json'


]]>
</failure>
</testcase>
<testcase name="05.Credit button Available" classname="[chromium] › tests\MercuryTest.spec.js › 05.Credit button Available" time="0.015">
<failure message="MercuryTest.spec.js:22:5 05.Credit button Available" type="FAILURE">
<![CDATA[  [chromium] › tests\MercuryTest.spec.js:22:5 › 05.Credit button Available =========================

    Error: ENOENT: no such file or directory, open 'C:\Users\chiaj\Desktop\school work\Year2\Sem 2\PFD\Assignment 2\PlaywrightTesting\PlaywrightTesting\auth.json'


]]>
</failure>
</testcase>
<testcase name="06.Tresury button Available" classname="[chromium] › tests\MercuryTest.spec.js › 06.Tresury button Available" time="0.017">
<failure message="MercuryTest.spec.js:27:5 06.Tresury button Available" type="FAILURE">
<![CDATA[  [chromium] › tests\MercuryTest.spec.js:27:5 › 06.Tresury button Available ========================

    Error: ENOENT: no such file or directory, open 'C:\Users\chiaj\Desktop\school work\Year2\Sem 2\PFD\Assignment 2\PlaywrightTesting\PlaywrightTesting\auth.json'


]]>
</failure>
</testcase>
<testcase name="06.Capital button Available" classname="[chromium] › tests\MercuryTest.spec.js › 06.Capital button Available" time="0.018">
<failure message="MercuryTest.spec.js:32:5 06.Capital button Available" type="FAILURE">
<![CDATA[  [chromium] › tests\MercuryTest.spec.js:32:5 › 06.Capital button Available ========================

    Error: ENOENT: no such file or directory, open 'C:\Users\chiaj\Desktop\school work\Year2\Sem 2\PFD\Assignment 2\PlaywrightTesting\PlaywrightTesting\auth.json'


]]>
</failure>
</testcase>
</testsuite>
<testsuite name="tests\MercuryTest.spec.js" timestamp="1673878342514" hostname="" tests="7" failures="7" skipped="0" time="0.123" errors="0">
<testcase name="01.Home page Available" classname="[pixel] › tests\MercuryTest.spec.js › 01.Home page Available" time="0.016">
<failure message="MercuryTest.spec.js:3:5 01.Home page Available" type="FAILURE">
<![CDATA[  [pixel] › tests\MercuryTest.spec.js:3:5 › 01.Home page Available =================================

    Error: ENOENT: no such file or directory, open 'C:\Users\chiaj\Desktop\school work\Year2\Sem 2\PFD\Assignment 2\PlaywrightTesting\PlaywrightTesting\auth.json'


]]>
</failure>
</testcase>
<testcase name="02.Transaction button Available" classname="[pixel] › tests\MercuryTest.spec.js › 02.Transaction button Available" time="0.018">
<failure message="MercuryTest.spec.js:7:5 02.Transaction button Available" type="FAILURE">
<![CDATA[  [pixel] › tests\MercuryTest.spec.js:7:5 › 02.Transaction button Available ========================

    Error: ENOENT: no such file or directory, open 'C:\Users\chiaj\Desktop\school work\Year2\Sem 2\PFD\Assignment 2\PlaywrightTesting\PlaywrightTesting\auth.json'


]]>
</failure>
</testcase>
<testcase name="03.Payment button Available" classname="[pixel] › tests\MercuryTest.spec.js › 03.Payment button Available" time="0.016">
<failure message="MercuryTest.spec.js:12:5 03.Payment button Available" type="FAILURE">
<![CDATA[  [pixel] › tests\MercuryTest.spec.js:12:5 › 03.Payment button Available ===========================

    Error: ENOENT: no such file or directory, open 'C:\Users\chiaj\Desktop\school work\Year2\Sem 2\PFD\Assignment 2\PlaywrightTesting\PlaywrightTesting\auth.json'


]]>
</failure>
</testcase>
<testcase name="04.Cards button Available" classname="[pixel] › tests\MercuryTest.spec.js › 04.Cards button Available" time="0.027">
<failure message="MercuryTest.spec.js:17:5 04.Cards button Available" type="FAILURE">
<![CDATA[  [pixel] › tests\MercuryTest.spec.js:17:5 › 04.Cards button Available =============================

    Error: ENOENT: no such file or directory, open 'C:\Users\chiaj\Desktop\school work\Year2\Sem 2\PFD\Assignment 2\PlaywrightTesting\PlaywrightTesting\auth.json'


]]>
</failure>
</testcase>
<testcase name="05.Credit button Available" classname="[pixel] › tests\MercuryTest.spec.js › 05.Credit button Available" time="0.016">
<failure message="MercuryTest.spec.js:22:5 05.Credit button Available" type="FAILURE">
<![CDATA[  [pixel] › tests\MercuryTest.spec.js:22:5 › 05.Credit button Available ============================

    Error: ENOENT: no such file or directory, open 'C:\Users\chiaj\Desktop\school work\Year2\Sem 2\PFD\Assignment 2\PlaywrightTesting\PlaywrightTesting\auth.json'


]]>
</failure>
</testcase>
<testcase name="06.Tresury button Available" classname="[pixel] › tests\MercuryTest.spec.js › 06.Tresury button Available" time="0.015">
<failure message="MercuryTest.spec.js:27:5 06.Tresury button Available" type="FAILURE">
<![CDATA[  [pixel] › tests\MercuryTest.spec.js:27:5 › 06.Tresury button Available ===========================

    Error: ENOENT: no such file or directory, open 'C:\Users\chiaj\Desktop\school work\Year2\Sem 2\PFD\Assignment 2\PlaywrightTesting\PlaywrightTesting\auth.json'


]]>
</failure>
</testcase>
<testcase name="06.Capital button Available" classname="[pixel] › tests\MercuryTest.spec.js › 06.Capital button Available" time="0.015">
<failure message="MercuryTest.spec.js:32:5 06.Capital button Available" type="FAILURE">
<![CDATA[  [pixel] › tests\MercuryTest.spec.js:32:5 › 06.Capital button Available ===========================

    Error: ENOENT: no such file or directory, open 'C:\Users\chiaj\Desktop\school work\Year2\Sem 2\PFD\Assignment 2\PlaywrightTesting\PlaywrightTesting\auth.json'


]]>
</failure>
</testcase>
</testsuite>
<testsuite name="tests\MercuryTest.spec.js" timestamp="1673878342514" hostname="" tests="7" failures="7" skipped="0" time="0.11" errors="0">
<testcase name="01.Home page Available" classname="[firefox] › tests\MercuryTest.spec.js › 01.Home page Available" time="0.013">
<failure message="MercuryTest.spec.js:3:5 01.Home page Available" type="FAILURE">
<![CDATA[  [firefox] › tests\MercuryTest.spec.js:3:5 › 01.Home page Available ===============================

    Error: ENOENT: no such file or directory, open 'C:\Users\chiaj\Desktop\school work\Year2\Sem 2\PFD\Assignment 2\PlaywrightTesting\PlaywrightTesting\auth.json'


]]>
</failure>
</testcase>
<testcase name="02.Transaction button Available" classname="[firefox] › tests\MercuryTest.spec.js › 02.Transaction button Available" time="0.014">
<failure message="MercuryTest.spec.js:7:5 02.Transaction button Available" type="FAILURE">
<![CDATA[  [firefox] › tests\MercuryTest.spec.js:7:5 › 02.Transaction button Available ======================

    Error: ENOENT: no such file or directory, open 'C:\Users\chiaj\Desktop\school work\Year2\Sem 2\PFD\Assignment 2\PlaywrightTesting\PlaywrightTesting\auth.json'


]]>
</failure>
</testcase>
<testcase name="03.Payment button Available" classname="[firefox] › tests\MercuryTest.spec.js › 03.Payment button Available" time="0.038">
<failure message="MercuryTest.spec.js:12:5 03.Payment button Available" type="FAILURE">
<![CDATA[  [firefox] › tests\MercuryTest.spec.js:12:5 › 03.Payment button Available =========================

    Error: ENOENT: no such file or directory, open 'C:\Users\chiaj\Desktop\school work\Year2\Sem 2\PFD\Assignment 2\PlaywrightTesting\PlaywrightTesting\auth.json'


]]>
</failure>
</testcase>
<testcase name="04.Cards button Available" classname="[firefox] › tests\MercuryTest.spec.js › 04.Cards button Available" time="0.01">
<failure message="MercuryTest.spec.js:17:5 04.Cards button Available" type="FAILURE">
<![CDATA[  [firefox] › tests\MercuryTest.spec.js:17:5 › 04.Cards button Available ===========================

    Error: ENOENT: no such file or directory, open 'C:\Users\chiaj\Desktop\school work\Year2\Sem 2\PFD\Assignment 2\PlaywrightTesting\PlaywrightTesting\auth.json'


]]>
</failure>
</testcase>
<testcase name="05.Credit button Available" classname="[firefox] › tests\MercuryTest.spec.js › 05.Credit button Available" time="0.012">
<failure message="MercuryTest.spec.js:22:5 05.Credit button Available" type="FAILURE">
<![CDATA[  [firefox] › tests\MercuryTest.spec.js:22:5 › 05.Credit button Available ==========================

    Error: ENOENT: no such file or directory, open 'C:\Users\chiaj\Desktop\school work\Year2\Sem 2\PFD\Assignment 2\PlaywrightTesting\PlaywrightTesting\auth.json'


]]>
</failure>
</testcase>
<testcase name="06.Tresury button Available" classname="[firefox] › tests\MercuryTest.spec.js › 06.Tresury button Available" time="0.011">
<failure message="MercuryTest.spec.js:27:5 06.Tresury button Available" type="FAILURE">
<![CDATA[  [firefox] › tests\MercuryTest.spec.js:27:5 › 06.Tresury button Available =========================

    Error: ENOENT: no such file or directory, open 'C:\Users\chiaj\Desktop\school work\Year2\Sem 2\PFD\Assignment 2\PlaywrightTesting\PlaywrightTesting\auth.json'


]]>
</failure>
</testcase>
<testcase name="06.Capital button Available" classname="[firefox] › tests\MercuryTest.spec.js › 06.Capital button Available" time="0.012">
<failure message="MercuryTest.spec.js:32:5 06.Capital button Available" type="FAILURE">
<![CDATA[  [firefox] › tests\MercuryTest.spec.js:32:5 › 06.Capital button Available =========================

    Error: ENOENT: no such file or directory, open 'C:\Users\chiaj\Desktop\school work\Year2\Sem 2\PFD\Assignment 2\PlaywrightTesting\PlaywrightTesting\auth.json'


]]>
</failure>
</testcase>
</testsuite>
<testsuite name="tests\MercuryTest.spec.js" timestamp="1673878342514" hostname="" tests="7" failures="7" skipped="0" time="0.104" errors="0">
<testcase name="01.Home page Available" classname="[webkit] › tests\MercuryTest.spec.js › 01.Home page Available" time="0.019">
<failure message="MercuryTest.spec.js:3:5 01.Home page Available" type="FAILURE">
<![CDATA[  [webkit] › tests\MercuryTest.spec.js:3:5 › 01.Home page Available ================================

    Error: ENOENT: no such file or directory, open 'C:\Users\chiaj\Desktop\school work\Year2\Sem 2\PFD\Assignment 2\PlaywrightTesting\PlaywrightTesting\auth.json'


]]>
</failure>
</testcase>
<testcase name="02.Transaction button Available" classname="[webkit] › tests\MercuryTest.spec.js › 02.Transaction button Available" time="0.015">
<failure message="MercuryTest.spec.js:7:5 02.Transaction button Available" type="FAILURE">
<![CDATA[  [webkit] › tests\MercuryTest.spec.js:7:5 › 02.Transaction button Available =======================

    Error: ENOENT: no such file or directory, open 'C:\Users\chiaj\Desktop\school work\Year2\Sem 2\PFD\Assignment 2\PlaywrightTesting\PlaywrightTesting\auth.json'


]]>
</failure>
</testcase>
<testcase name="03.Payment button Available" classname="[webkit] › tests\MercuryTest.spec.js › 03.Payment button Available" time="0.012">
<failure message="MercuryTest.spec.js:12:5 03.Payment button Available" type="FAILURE">
<![CDATA[  [webkit] › tests\MercuryTest.spec.js:12:5 › 03.Payment button Available ==========================

    Error: ENOENT: no such file or directory, open 'C:\Users\chiaj\Desktop\school work\Year2\Sem 2\PFD\Assignment 2\PlaywrightTesting\PlaywrightTesting\auth.json'


]]>
</failure>
</testcase>
<testcase name="04.Cards button Available" classname="[webkit] › tests\MercuryTest.spec.js › 04.Cards button Available" time="0.013">
<failure message="MercuryTest.spec.js:17:5 04.Cards button Available" type="FAILURE">
<![CDATA[  [webkit] › tests\MercuryTest.spec.js:17:5 › 04.Cards button Available ============================

    Error: ENOENT: no such file or directory, open 'C:\Users\chiaj\Desktop\school work\Year2\Sem 2\PFD\Assignment 2\PlaywrightTesting\PlaywrightTesting\auth.json'


]]>
</failure>
</testcase>
<testcase name="05.Credit button Available" classname="[webkit] › tests\MercuryTest.spec.js › 05.Credit button Available" time="0.017">
<failure message="MercuryTest.spec.js:22:5 05.Credit button Available" type="FAILURE">
<![CDATA[  [webkit] › tests\MercuryTest.spec.js:22:5 › 05.Credit button Available ===========================

    Error: ENOENT: no such file or directory, open 'C:\Users\chiaj\Desktop\school work\Year2\Sem 2\PFD\Assignment 2\PlaywrightTesting\PlaywrightTesting\auth.json'


]]>
</failure>
</testcase>
<testcase name="06.Tresury button Available" classname="[webkit] › tests\MercuryTest.spec.js › 06.Tresury button Available" time="0.012">
<failure message="MercuryTest.spec.js:27:5 06.Tresury button Available" type="FAILURE">
<![CDATA[  [webkit] › tests\MercuryTest.spec.js:27:5 › 06.Tresury button Available ==========================

    Error: ENOENT: no such file or directory, open 'C:\Users\chiaj\Desktop\school work\Year2\Sem 2\PFD\Assignment 2\PlaywrightTesting\PlaywrightTesting\auth.json'


]]>
</failure>
</testcase>
<testcase name="06.Capital button Available" classname="[webkit] › tests\MercuryTest.spec.js › 06.Capital button Available" time="0.016">
<failure message="MercuryTest.spec.js:32:5 06.Capital button Available" type="FAILURE">
<![CDATA[  [webkit] › tests\MercuryTest.spec.js:32:5 › 06.Capital button Available ==========================

    Error: ENOENT: no such file or directory, open 'C:\Users\chiaj\Desktop\school work\Year2\Sem 2\PFD\Assignment 2\PlaywrightTesting\PlaywrightTesting\auth.json'


]]>
</failure>
</testcase>
</testsuite>
</testsuites>